Sending build context to Docker daemon   5.12kB
Step 1/15 : FROM ubuntu:bionic
 ---> 2c047404e52d
Step 2/15 : ARG v8_version=8.3.110.13
 ---> Using cache
 ---> c143b7de5320
Step 3/15 : ENV version=$v8_version
 ---> Using cache
 ---> a88756c4440f
Step 4/15 : ENV target arm64.static
 ---> Using cache
 ---> 7b9be45b251c
Step 5/15 : ENV GYP_GENERATORS ninja
 ---> Using cache
 ---> f7e7df6089e5
Step 6/15 : ENV PATH="/depot_tools:${PATH}"
 ---> Using cache
 ---> 1703f0e7cf04
Step 7/15 : ENV pkgdir /package
 ---> Using cache
 ---> 7abafcbf6cf0
Step 8/15 : RUN apt-get update -y && 	apt-get upgrade -y && 	apt-get install -y curl python git g++ pkg-config libglib2.0-dev
 ---> Using cache
 ---> 8395887ece91
Step 9/15 : RUN git clone https://chromium.googlesource.com/chromium/tools/depot_tools
 ---> Using cache
 ---> f1399c10949e
Step 10/15 : RUN yes | fetch v8
 ---> Using cache
 ---> 169b3a73d40d
Step 11/15 : WORKDIR /v8
 ---> Using cache
 ---> b52c95f0df2f
Step 12/15 : RUN gclient sync -D --force --reset && 	gclient sync --revision ${version}
 ---> Using cache
 ---> ba25008c93a6
Step 13/15 : RUN gn gen ${target} -vv --fail-on-unused-args     --args='v8_monolithic=true             v8_static_library=true             is_clang=false             is_asan=false             use_gold=false             is_debug=false             is_official_build=false             treat_warnings_as_errors=false             v8_enable_i18n_support=false             v8_use_external_startup_data=false             use_custom_libcxx=false             use_sysroot=false'
 ---> Using cache
 ---> a2cbb5b91228
Step 14/15 : RUN ninja -C ${target}
 ---> Using cache
 ---> 58291e13fca2
Step 15/15 : RUN	install -d ${pkgdir}v8 && 	install -d ${pkgdir}/v8/lib && 	install -Dm755 ${target}/obj/libv8_monolith.a ${pkgdir}/v8/lib/libv8_monolith.a && 	install -d ${pkgdir}/v8/include && 	install -Dm644 include/*.h ${pkgdir}/v8/include && 	install -d ${pkgdir}/v8/include/cppgc && 	install -Dm644 include/cppgc/*.h ${pkgdir}/v8/include/cppgc && 	install -d ${pkgdir}/v8/include/libplatform && 	install -Dm644 include/libplatform/*.h ${pkgdir}/v8/include/libplatform && 	install -d ${pkgdir}/v8/lic/ && 	install -m644 LICENSE* ${pkgdir}/v8/lic/ && 	tar cfJ /v8-${version}-static.tar.xz -C ${pkgdir} v8
 ---> Using cache
 ---> 9acdfaed2b94
Successfully built 9acdfaed2b94
Successfully tagged v8-bionic-arm64:latest
drwxr-xr-x root/root         0 2020-12-11 14:56 v8/
drwxr-xr-x root/root         0 2020-12-11 14:56 v8/include/
-rw-r--r-- root/root     15019 2020-12-11 14:56 v8/include/v8config.h
-rw-r--r-- root/root      1147 2020-12-11 14:56 v8/include/v8-version-string.h
-rw-r--r-- root/root      1026 2020-12-11 14:56 v8/include/v8-wasm-trap-handler-win.h
-rw-r--r-- root/root       648 2020-12-11 14:56 v8/include/v8-value-serializer-version.h
-rw-r--r-- root/root      1200 2020-12-11 14:56 v8/include/v8-wasm-trap-handler-posix.h
-rw-r--r-- root/root       772 2020-12-11 14:56 v8/include/v8-version.h
-rw-r--r-- root/root       513 2020-12-11 14:56 v8/include/v8-inspector-protocol.h
-rw-r--r-- root/root     13718 2020-12-11 14:56 v8/include/v8-fast-api-calls.h
-rw-r--r-- root/root    401007 2020-12-11 14:56 v8/include/v8.h
drwxr-xr-x root/root         0 2020-12-11 14:56 v8/include/libplatform/
-rw-r--r-- root/root       804 2020-12-11 14:56 v8/include/libplatform/libplatform-export.h
-rw-r--r-- root/root      3259 2020-12-11 14:56 v8/include/libplatform/libplatform.h
-rw-r--r-- root/root     10628 2020-12-11 14:56 v8/include/libplatform/v8-tracing.h
-rw-r--r-- root/root     33708 2020-12-11 14:56 v8/include/v8-profiler.h
-rw-r--r-- root/root     11654 2020-12-11 14:56 v8/include/v8-inspector.h
-rw-r--r-- root/root     20039 2020-12-11 14:56 v8/include/v8-util.h
-rw-r--r-- root/root     13643 2020-12-11 14:56 v8/include/v8-platform.h
drwxr-xr-x root/root         0 2020-12-11 14:56 v8/include/cppgc/
-rw-r--r-- root/root      2553 2020-12-11 14:56 v8/include/cppgc/finalizer-trait.h
-rw-r--r-- root/root       862 2020-12-11 14:56 v8/include/cppgc/platform.h
-rw-r--r-- root/root      1420 2020-12-11 14:56 v8/include/cppgc/garbage-collected.h
-rw-r--r-- root/root       582 2020-12-11 14:56 v8/include/cppgc/heap.h
-rw-r--r-- root/root      3283 2020-12-11 14:56 v8/include/cppgc/allocation.h
-rw-r--r-- root/root      1160 2020-12-11 14:56 v8/include/cppgc/gc-info.h
-rw-r--r-- root/root      1166 2020-12-11 14:56 v8/include/cppgc/internals.h
-rw-r--r-- root/root     14545 2020-12-11 14:56 v8/include/v8-internal.h
drwxr-xr-x root/root         0 2020-12-11 14:56 v8/lib/
-rwxr-xr-x root/root  47977772 2020-12-11 14:56 v8/lib/libv8_monolith.a
drwxr-xr-x root/root         0 2020-12-11 14:56 v8/lic/
-rw-r--r-- root/root       250 2020-12-11 14:56 v8/lic/LICENSE.fdlibm
-rw-r--r-- root/root      1482 2020-12-11 14:56 v8/lic/LICENSE.strongtalk
-rw-r--r-- root/root      3161 2020-12-11 14:56 v8/lic/LICENSE
-rw-r--r-- root/root      2062 2020-12-11 14:56 v8/lic/LICENSE.valgrind
-rw-r--r-- root/root      1527 2020-12-11 14:56 v8/lic/LICENSE.v8
